<?xml version="1.0" encoding="UTF-8"?>
<!-- Generated by org.testng.reporters.JUnitReportReporter -->
<testsuite skipped="0" hostname="SATWA_LAPTOP" name="framework.Common" tests="1" failures="0" timestamp="27 Jul 2018 16:14:08 GMT" time="0.018" errors="0">
  <testcase name="GenerateReport" time="0.018" classname="framework.Common"/>
</testsuite> <!-- framework.Common -->
