<?xml version="1.0" encoding="UTF-8"?>
<!-- Generated by org.testng.reporters.JUnitReportReporter -->
<testsuite skipped="0" hostname="SATWA_LAPTOP" name="tests.Cases" tests="1" failures="0" timestamp="02 Aug 2018 17:22:45 GMT" time="9.426" errors="0">
  <testcase name="CreateNewCase" time="9.426" classname="tests.Cases"/>
</testsuite> <!-- tests.Cases -->
